2021-03-01 14:56:09,584   21204     INFO test_runner.py(154) - 预计并发线程数：2
2021-03-01 14:56:11,678   19400     INFO result.py(65) - 开始测试： test_rejected (test_login.test_saas.MyTest)
2021-03-01 14:56:11,679   19400     INFO test_saas.py(10) - test
2021-03-01 14:56:16,648   10728     INFO result.py(65) - 开始测试： test_login_00001 (test_login.test_login_demo.LoginDemo)
2021-03-01 14:56:21,473   19400     INFO test_saas.py(42) - 测试用例标题：双12活动打开1个宝箱
2021-03-01 14:56:21,555   19400     INFO HttpRequests.py(45) - post：https://pre.17kuxiu.com/user/getAnchorCoverAuditInfo
2021-03-01 14:56:21,555   19400     INFO HttpRequests.py(46) - 从请求到接口返回信息耗时：0.074006秒
2021-03-01 14:56:21,557   19400     INFO HttpRequests.py(26) - 接口返回数据：{"retCode":-100004,"retMsg":"头部信息不完整","success":false}
2021-03-01 14:56:21,557   19400    ERROR test_saas.py(52) - 失败：False is not true
2021-03-01 14:56:25,217   19400  WARNING result.py(186) - 测试未通过： test_rejected (test_login.test_saas.MyTest)
Traceback (most recent call last):
  File "D:\auto_saas_20210201\testcase\test_login\test_saas.py", line 49, in test_rejected
    self.assertTrue(r['retCode'] == 200)
AssertionError: False is not true

2021-03-01 14:56:25,218   19400     INFO result.py(86) - 测试结束： test_rejected (test_login.test_saas.MyTest)
2021-03-01 14:56:25,218   19400     INFO result.py(87) - 耗时： 13.5391206741333
2021-03-01 14:56:28,970   10728    ERROR result.py(171) - 测试产生错误： test_login_00001 (test_login.test_login_demo.LoginDemo)
Traceback (most recent call last):
  File "C:\Users\yu.zhang\AppData\Roaming\Python\Python38\site-packages\ddt.py", line 182, in wrapper
    return func(self, *args, **kwargs)
  File "D:\auto_saas_20210201\testcase\test_login\test_login_demo.py", line 57, in test_login
    self.logout()
  File "D:\auto_saas_20210201\testcase\test_login\test_login_demo.py", line 33, in logout
    self.driver.find_element_by_link_text("退出").click()
  File "D:\Anaconda3Install\lib\site-packages\selenium\webdriver\remote\webdriver.py", line 428, in find_element_by_link_text
    return self.find_element(by=By.LINK_TEXT, value=link_text)
  File "D:\Anaconda3Install\lib\site-packages\selenium\webdriver\remote\webdriver.py", line 976, in find_element
    return self.execute(Command.FIND_ELEMENT, {
  File "D:\Anaconda3Install\lib\site-packages\selenium\webdriver\remote\webdriver.py", line 321, in execute
    self.error_handler.check_response(response)
  File "D:\Anaconda3Install\lib\site-packages\selenium\webdriver\remote\errorhandler.py", line 242, in check_response
    raise exception_class(message, screen, stacktrace)
selenium.common.exceptions.NoSuchElementException: Message: no such element: Unable to locate element: {"method":"link text","selector":"退出"}
  (Session info: chrome=88.0.4324.182)


2021-03-01 14:56:28,971   10728     INFO result.py(86) - 测试结束： test_login_00001 (test_login.test_login_demo.LoginDemo)
2021-03-01 14:56:28,971   10728     INFO result.py(87) - 耗时： 12.32181692123413
2021-03-01 14:56:28,971   10728     INFO result.py(65) - 开始测试： test_login_00002 (test_login.test_login_demo.LoginDemo)
2021-03-01 14:56:39,141   10728    ERROR result.py(171) - 测试产生错误： test_login_00002 (test_login.test_login_demo.LoginDemo)
Traceback (most recent call last):
  File "C:\Users\yu.zhang\AppData\Roaming\Python\Python38\site-packages\ddt.py", line 182, in wrapper
    return func(self, *args, **kwargs)
  File "D:\auto_saas_20210201\testcase\test_login\test_login_demo.py", line 57, in test_login
    self.logout()
  File "D:\auto_saas_20210201\testcase\test_login\test_login_demo.py", line 33, in logout
    self.driver.find_element_by_link_text("退出").click()
  File "D:\Anaconda3Install\lib\site-packages\selenium\webdriver\remote\webdriver.py", line 428, in find_element_by_link_text
    return self.find_element(by=By.LINK_TEXT, value=link_text)
  File "D:\Anaconda3Install\lib\site-packages\selenium\webdriver\remote\webdriver.py", line 976, in find_element
    return self.execute(Command.FIND_ELEMENT, {
  File "D:\Anaconda3Install\lib\site-packages\selenium\webdriver\remote\webdriver.py", line 321, in execute
    self.error_handler.check_response(response)
  File "D:\Anaconda3Install\lib\site-packages\selenium\webdriver\remote\errorhandler.py", line 242, in check_response
    raise exception_class(message, screen, stacktrace)
selenium.common.exceptions.NoSuchElementException: Message: no such element: Unable to locate element: {"method":"link text","selector":"退出"}
  (Session info: chrome=88.0.4324.182)


2021-03-01 14:56:39,141   10728     INFO result.py(86) - 测试结束： test_login_00002 (test_login.test_login_demo.LoginDemo)
2021-03-01 14:56:39,141   10728     INFO result.py(87) - 耗时： 10.169768571853638
2021-03-01 14:56:39,142   10728     INFO result.py(65) - 开始测试： test_login_00003 (test_login.test_login_demo.LoginDemo)
2021-03-01 14:56:49,244   10728    ERROR result.py(171) - 测试产生错误： test_login_00003 (test_login.test_login_demo.LoginDemo)
Traceback (most recent call last):
  File "C:\Users\yu.zhang\AppData\Roaming\Python\Python38\site-packages\ddt.py", line 182, in wrapper
    return func(self, *args, **kwargs)
  File "D:\auto_saas_20210201\testcase\test_login\test_login_demo.py", line 57, in test_login
    self.logout()
  File "D:\auto_saas_20210201\testcase\test_login\test_login_demo.py", line 33, in logout
    self.driver.find_element_by_link_text("退出").click()
  File "D:\Anaconda3Install\lib\site-packages\selenium\webdriver\remote\webdriver.py", line 428, in find_element_by_link_text
    return self.find_element(by=By.LINK_TEXT, value=link_text)
  File "D:\Anaconda3Install\lib\site-packages\selenium\webdriver\remote\webdriver.py", line 976, in find_element
    return self.execute(Command.FIND_ELEMENT, {
  File "D:\Anaconda3Install\lib\site-packages\selenium\webdriver\remote\webdriver.py", line 321, in execute
    self.error_handler.check_response(response)
  File "D:\Anaconda3Install\lib\site-packages\selenium\webdriver\remote\errorhandler.py", line 242, in check_response
    raise exception_class(message, screen, stacktrace)
selenium.common.exceptions.NoSuchElementException: Message: no such element: Unable to locate element: {"method":"link text","selector":"退出"}
  (Session info: chrome=88.0.4324.182)


2021-03-01 14:56:49,244   10728     INFO result.py(86) - 测试结束： test_login_00003 (test_login.test_login_demo.LoginDemo)
2021-03-01 14:56:49,244   10728     INFO result.py(87) - 耗时： 10.102259874343872
2021-03-01 14:56:49,245   10728     INFO result.py(65) - 开始测试： test_login_00004 (test_login.test_login_demo.LoginDemo)
2021-03-01 14:56:59,381   10728    ERROR result.py(171) - 测试产生错误： test_login_00004 (test_login.test_login_demo.LoginDemo)
Traceback (most recent call last):
  File "C:\Users\yu.zhang\AppData\Roaming\Python\Python38\site-packages\ddt.py", line 182, in wrapper
    return func(self, *args, **kwargs)
  File "D:\auto_saas_20210201\testcase\test_login\test_login_demo.py", line 57, in test_login
    self.logout()
  File "D:\auto_saas_20210201\testcase\test_login\test_login_demo.py", line 33, in logout
    self.driver.find_element_by_link_text("退出").click()
  File "D:\Anaconda3Install\lib\site-packages\selenium\webdriver\remote\webdriver.py", line 428, in find_element_by_link_text
    return self.find_element(by=By.LINK_TEXT, value=link_text)
  File "D:\Anaconda3Install\lib\site-packages\selenium\webdriver\remote\webdriver.py", line 976, in find_element
    return self.execute(Command.FIND_ELEMENT, {
  File "D:\Anaconda3Install\lib\site-packages\selenium\webdriver\remote\webdriver.py", line 321, in execute
    self.error_handler.check_response(response)
  File "D:\Anaconda3Install\lib\site-packages\selenium\webdriver\remote\errorhandler.py", line 242, in check_response
    raise exception_class(message, screen, stacktrace)
selenium.common.exceptions.NoSuchElementException: Message: no such element: Unable to locate element: {"method":"link text","selector":"退出"}
  (Session info: chrome=88.0.4324.182)


2021-03-01 14:56:59,381   10728     INFO result.py(86) - 测试结束： test_login_00004 (test_login.test_login_demo.LoginDemo)
2021-03-01 14:56:59,382   10728     INFO result.py(87) - 耗时： 10.135686874389648
2021-03-01 14:57:02,017   21204    ERROR test_runner.py(193) - 
Fail	test_rejected (test_login.test_saas.MyTest)
Error	test_login_00001 (test_login.test_login_demo.LoginDemo)	test_login_00001
Error	test_login_00002 (test_login.test_login_demo.LoginDemo)	test_login_00002
Error	test_login_00003 (test_login.test_login_demo.LoginDemo)	test_login_00003
Error	test_login_00004 (test_login.test_login_demo.LoginDemo)	test_login_00004

2021-03-01 14:57:02,022   21204     INFO test_runner.py(211) - 
测试结束！
运行时间: 0:00:53.780035
共计执行用例数量：5
执行成功用例数量：0
执行失败用例数量：1
跳过执行用例数量：0
产生异常用例数量：4

