2021-02-26 13:48:54,840   14524     INFO test_runner.py(154) - 预计并发线程数：2
2021-02-26 13:48:56,855   17908     INFO result.py(65) - 开始测试： test_rejected (test_login.test_saas.MyTest)
2021-02-26 13:48:56,855   17908     INFO test_saas.py(10) - test
2021-02-26 13:49:02,477   19044     INFO result.py(65) - 开始测试： test_login_0_case1 (test_login.test_login_demo.LoginDemo)
2021-02-26 13:49:08,670   17908     INFO test_saas.py(42) - 测试用例标题：双12活动打开1个宝箱
2021-02-26 13:49:08,863   17908     INFO HttpRequests.py(45) - post：https://pre.17kuxiu.com/user/getAnchorCoverAuditInfo
2021-02-26 13:49:08,863   17908     INFO HttpRequests.py(46) - 从请求到接口返回信息耗时：0.185631秒
2021-02-26 13:49:08,863   17908     INFO HttpRequests.py(26) - 接口返回数据：{"retCode":-100004,"retMsg":"头部信息不完整","success":false}
2021-02-26 13:49:08,865   17908    ERROR test_saas.py(52) - 失败：False is not true
2021-02-26 13:49:13,170   17908  WARNING result.py(186) - 测试未通过： test_rejected (test_login.test_saas.MyTest)
Traceback (most recent call last):
  File "D:\auto_saas_20210201\testcase\test_login\test_saas.py", line 49, in test_rejected
    self.assertTrue(r['retCode'] == 200)
AssertionError: False is not true

2021-02-26 13:49:13,170   17908     INFO result.py(86) - 测试结束： test_rejected (test_login.test_saas.MyTest)
2021-02-26 13:49:13,170   17908     INFO result.py(87) - 耗时： 16.31455945968628
2021-02-26 13:49:15,704   19044    ERROR result.py(171) - 测试产生错误： test_login_0_case1 (test_login.test_login_demo.LoginDemo)
Traceback (most recent call last):
  File "C:\Users\yu.zhang\AppData\Roaming\Python\Python38\site-packages\parameterized\parameterized.py", line 533, in standalone_func
    return func(*(a + p.args), **p.kwargs)
  File "D:\auto_saas_20210201\testcase\test_login\test_login_demo.py", line 40, in test_login
    self.logout()
  File "D:\auto_saas_20210201\testcase\test_login\test_login_demo.py", line 28, in logout
    self.driver.find_element_by_link_text("退出").click()
  File "D:\Anaconda3Install\lib\site-packages\selenium\webdriver\remote\webdriver.py", line 428, in find_element_by_link_text
    return self.find_element(by=By.LINK_TEXT, value=link_text)
  File "D:\Anaconda3Install\lib\site-packages\selenium\webdriver\remote\webdriver.py", line 976, in find_element
    return self.execute(Command.FIND_ELEMENT, {
  File "D:\Anaconda3Install\lib\site-packages\selenium\webdriver\remote\webdriver.py", line 321, in execute
    self.error_handler.check_response(response)
  File "D:\Anaconda3Install\lib\site-packages\selenium\webdriver\remote\errorhandler.py", line 242, in check_response
    raise exception_class(message, screen, stacktrace)
selenium.common.exceptions.NoSuchElementException: Message: no such element: Unable to locate element: {"method":"link text","selector":"退出"}
  (Session info: chrome=88.0.4324.182)


2021-02-26 13:49:15,705   19044     INFO result.py(86) - 测试结束： test_login_0_case1 (test_login.test_login_demo.LoginDemo)
2021-02-26 13:49:15,705   19044     INFO result.py(87) - 耗时： 13.228674173355103
2021-02-26 13:49:15,705   19044     INFO result.py(65) - 开始测试： test_login_1_case2 (test_login.test_login_demo.LoginDemo)
2021-02-26 13:49:26,055   19044    ERROR result.py(171) - 测试产生错误： test_login_1_case2 (test_login.test_login_demo.LoginDemo)
Traceback (most recent call last):
  File "C:\Users\yu.zhang\AppData\Roaming\Python\Python38\site-packages\parameterized\parameterized.py", line 533, in standalone_func
    return func(*(a + p.args), **p.kwargs)
  File "D:\auto_saas_20210201\testcase\test_login\test_login_demo.py", line 40, in test_login
    self.logout()
  File "D:\auto_saas_20210201\testcase\test_login\test_login_demo.py", line 28, in logout
    self.driver.find_element_by_link_text("退出").click()
  File "D:\Anaconda3Install\lib\site-packages\selenium\webdriver\remote\webdriver.py", line 428, in find_element_by_link_text
    return self.find_element(by=By.LINK_TEXT, value=link_text)
  File "D:\Anaconda3Install\lib\site-packages\selenium\webdriver\remote\webdriver.py", line 976, in find_element
    return self.execute(Command.FIND_ELEMENT, {
  File "D:\Anaconda3Install\lib\site-packages\selenium\webdriver\remote\webdriver.py", line 321, in execute
    self.error_handler.check_response(response)
  File "D:\Anaconda3Install\lib\site-packages\selenium\webdriver\remote\errorhandler.py", line 242, in check_response
    raise exception_class(message, screen, stacktrace)
selenium.common.exceptions.NoSuchElementException: Message: no such element: Unable to locate element: {"method":"link text","selector":"退出"}
  (Session info: chrome=88.0.4324.182)


2021-02-26 13:49:26,055   19044     INFO result.py(86) - 测试结束： test_login_1_case2 (test_login.test_login_demo.LoginDemo)
2021-02-26 13:49:26,056   19044     INFO result.py(87) - 耗时： 10.3499436378479
2021-02-26 13:49:26,056   19044     INFO result.py(65) - 开始测试： test_login_2_case3 (test_login.test_login_demo.LoginDemo)
2021-02-26 13:49:36,097   19044    ERROR result.py(171) - 测试产生错误： test_login_2_case3 (test_login.test_login_demo.LoginDemo)
Traceback (most recent call last):
  File "C:\Users\yu.zhang\AppData\Roaming\Python\Python38\site-packages\parameterized\parameterized.py", line 533, in standalone_func
    return func(*(a + p.args), **p.kwargs)
  File "D:\auto_saas_20210201\testcase\test_login\test_login_demo.py", line 40, in test_login
    self.logout()
  File "D:\auto_saas_20210201\testcase\test_login\test_login_demo.py", line 28, in logout
    self.driver.find_element_by_link_text("退出").click()
  File "D:\Anaconda3Install\lib\site-packages\selenium\webdriver\remote\webdriver.py", line 428, in find_element_by_link_text
    return self.find_element(by=By.LINK_TEXT, value=link_text)
  File "D:\Anaconda3Install\lib\site-packages\selenium\webdriver\remote\webdriver.py", line 976, in find_element
    return self.execute(Command.FIND_ELEMENT, {
  File "D:\Anaconda3Install\lib\site-packages\selenium\webdriver\remote\webdriver.py", line 321, in execute
    self.error_handler.check_response(response)
  File "D:\Anaconda3Install\lib\site-packages\selenium\webdriver\remote\errorhandler.py", line 242, in check_response
    raise exception_class(message, screen, stacktrace)
selenium.common.exceptions.NoSuchElementException: Message: no such element: Unable to locate element: {"method":"link text","selector":"退出"}
  (Session info: chrome=88.0.4324.182)


2021-02-26 13:49:36,097   19044     INFO result.py(86) - 测试结束： test_login_2_case3 (test_login.test_login_demo.LoginDemo)
2021-02-26 13:49:36,097   19044     INFO result.py(87) - 耗时： 10.040492057800293
2021-02-26 13:49:36,097   19044     INFO result.py(65) - 开始测试： test_login_3_case4 (test_login.test_login_demo.LoginDemo)
2021-02-26 13:49:46,135   19044    ERROR result.py(171) - 测试产生错误： test_login_3_case4 (test_login.test_login_demo.LoginDemo)
Traceback (most recent call last):
  File "C:\Users\yu.zhang\AppData\Roaming\Python\Python38\site-packages\parameterized\parameterized.py", line 533, in standalone_func
    return func(*(a + p.args), **p.kwargs)
  File "D:\auto_saas_20210201\testcase\test_login\test_login_demo.py", line 40, in test_login
    self.logout()
  File "D:\auto_saas_20210201\testcase\test_login\test_login_demo.py", line 28, in logout
    self.driver.find_element_by_link_text("退出").click()
  File "D:\Anaconda3Install\lib\site-packages\selenium\webdriver\remote\webdriver.py", line 428, in find_element_by_link_text
    return self.find_element(by=By.LINK_TEXT, value=link_text)
  File "D:\Anaconda3Install\lib\site-packages\selenium\webdriver\remote\webdriver.py", line 976, in find_element
    return self.execute(Command.FIND_ELEMENT, {
  File "D:\Anaconda3Install\lib\site-packages\selenium\webdriver\remote\webdriver.py", line 321, in execute
    self.error_handler.check_response(response)
  File "D:\Anaconda3Install\lib\site-packages\selenium\webdriver\remote\errorhandler.py", line 242, in check_response
    raise exception_class(message, screen, stacktrace)
selenium.common.exceptions.NoSuchElementException: Message: no such element: Unable to locate element: {"method":"link text","selector":"退出"}
  (Session info: chrome=88.0.4324.182)


2021-02-26 13:49:46,136   19044     INFO result.py(86) - 测试结束： test_login_3_case4 (test_login.test_login_demo.LoginDemo)
2021-02-26 13:49:46,137   19044     INFO result.py(87) - 耗时： 10.039359331130981
2021-02-26 13:49:48,607   14524    ERROR test_runner.py(193) - 
Fail	test_rejected (test_login.test_saas.MyTest)
Error	test_login_0_case1 (test_login.test_login_demo.LoginDemo)
Error	test_login_1_case2 (test_login.test_login_demo.LoginDemo)
Error	test_login_2_case3 (test_login.test_login_demo.LoginDemo)
Error	test_login_3_case4 (test_login.test_login_demo.LoginDemo)

2021-02-26 13:49:48,616   14524     INFO test_runner.py(211) - 
测试结束！
运行时间: 0:00:54.988552
共计执行用例数量：5
执行成功用例数量：0
执行失败用例数量：1
跳过执行用例数量：0
产生异常用例数量：4

